<?xml version="1.0" encoding="UTF-8"?>
<!-- Generated by org.testng.reporters.JUnitXMLReporter -->
<testsuite ignored="0" hostname="LTIN230711" failures="0" tests="9" name="EdgeTest" time="0.034" errors="0" timestamp="2024-01-30T23:17:27 IST">
  <testcase classname="TestCases.TC001_HomePage" name="test1" time="0.0">
    <skipped/>
  </testcase> <!-- test1 -->
  <testcase classname="TestCases.TC001_HomePage" name="test2" time="0.0">
    <skipped/>
  </testcase> <!-- test2 -->
  <testcase classname="TestCases.TC002_UsedCars" name="test3" time="0.0">
    <skipped/>
  </testcase> <!-- test3 -->
  <testcase classname="TestCases.TC002_UsedCars" name="test4" time="0.0">
    <skipped/>
  </testcase> <!-- test4 -->
  <testcase classname="TestCases.TC001_HomePage" name="Test5" time="0.0">
    <skipped/>
  </testcase> <!-- Test5 -->
  <testcase classname="TestCases.TC003_UpcomingBikePage" name="test6" time="0.0">
    <skipped/>
  </testcase> <!-- test6 -->
  <testcase classname="TestCases.TC003_UpcomingBikePage" name="test7" time="0.0">
    <skipped/>
  </testcase> <!-- test7 -->
  <testcase classname="TestCases.TC003_UpcomingBikePage" name="test8" time="0.0">
    <skipped/>
  </testcase> <!-- test8 -->
  <testcase classname="TestCases.TC001_HomePage" name="Test9" time="0.0">
    <skipped/>
  </testcase> <!-- Test9 -->
</testsuite> <!-- EdgeTest -->
