<?xml version="1.0" encoding="UTF-8"?>
<testng-results ignored="0" total="9" passed="9" failed="0" skipped="0">
  <reporter-output>
  </reporter-output>
  <suite started-at="2024-02-19T21:45:46 IST" name="Suite" finished-at="2024-02-19T21:49:48 IST" duration-ms="242239">
    <groups>
    </groups>
    <test started-at="2024-02-19T21:45:46 IST" name="ChromeTest" finished-at="2024-02-19T21:49:48 IST" duration-ms="242239">
      <class name="TestCases.TC003_UpcomingBikePage">
        <test-method is-config="true" signature="setup(java.lang.String,java.lang.String)[pri:0, instance:TestCases.TC003_UpcomingBikePage@776aec5c]" started-at="2024-02-19T21:45:47 IST" name="setup" finished-at="2024-02-19T21:46:42 IST" duration-ms="54476" status="PASS">
          <params>
            <param index="0">
              <value>
                <![CDATA[Windows]]>
              </value>
            </param>
            <param index="1">
              <value>
                <![CDATA[chrome]]>
              </value>
            </param>
          </params>
          <reporter-output>
          </reporter-output>
        </test-method> <!-- setup -->
        <test-method signature="test1()[pri:1, instance:TestCases.TC003_UpcomingBikePage@776aec5c]" started-at="2024-02-19T21:46:42 IST" name="test1" finished-at="2024-02-19T21:46:43 IST" duration-ms="1296" status="PASS">
          <reporter-output>
          </reporter-output>
        </test-method> <!-- test1 -->
        <test-method signature="test2()[pri:2, instance:TestCases.TC003_UpcomingBikePage@776aec5c]" started-at="2024-02-19T21:46:44 IST" name="test2" finished-at="2024-02-19T21:47:02 IST" duration-ms="17943" status="PASS">
          <reporter-output>
          </reporter-output>
        </test-method> <!-- test2 -->
        <test-method signature="test3()[pri:3, instance:TestCases.TC003_UpcomingBikePage@776aec5c]" started-at="2024-02-19T21:47:02 IST" name="test3" finished-at="2024-02-19T21:47:32 IST" duration-ms="29617" status="PASS">
          <reporter-output>
          </reporter-output>
        </test-method> <!-- test3 -->
        <test-method signature="test4()[pri:4, instance:TestCases.TC003_UpcomingBikePage@776aec5c]" started-at="2024-02-19T21:47:32 IST" name="test4" finished-at="2024-02-19T21:47:56 IST" duration-ms="23456" status="PASS">
          <reporter-output>
          </reporter-output>
        </test-method> <!-- test4 -->
        <test-method signature="Test5()[pri:5, instance:TestCases.TC003_UpcomingBikePage@776aec5c]" started-at="2024-02-19T21:47:56 IST" name="Test5" finished-at="2024-02-19T21:48:17 IST" duration-ms="20853" status="PASS">
          <reporter-output>
          </reporter-output>
        </test-method> <!-- Test5 -->
        <test-method signature="test6()[pri:6, instance:TestCases.TC003_UpcomingBikePage@776aec5c]" started-at="2024-02-19T21:48:18 IST" name="test6" finished-at="2024-02-19T21:49:01 IST" duration-ms="43011" status="PASS">
          <reporter-output>
          </reporter-output>
        </test-method> <!-- test6 -->
        <test-method signature="test7()[pri:7, instance:TestCases.TC003_UpcomingBikePage@776aec5c]" started-at="2024-02-19T21:49:01 IST" name="test7" finished-at="2024-02-19T21:49:19 IST" duration-ms="17591" status="PASS">
          <reporter-output>
          </reporter-output>
        </test-method> <!-- test7 -->
        <test-method signature="test8()[pri:8, instance:TestCases.TC003_UpcomingBikePage@776aec5c]" started-at="2024-02-19T21:49:19 IST" name="test8" finished-at="2024-02-19T21:49:24 IST" duration-ms="4782" status="PASS">
          <reporter-output>
          </reporter-output>
        </test-method> <!-- test8 -->
        <test-method signature="Test9()[pri:9, instance:TestCases.TC003_UpcomingBikePage@776aec5c]" started-at="2024-02-19T21:49:26 IST" name="Test9" finished-at="2024-02-19T21:49:46 IST" duration-ms="19769" status="PASS">
          <reporter-output>
          </reporter-output>
        </test-method> <!-- Test9 -->
        <test-method is-config="true" signature="teardown()[pri:0, instance:TestCases.TC003_UpcomingBikePage@776aec5c]" started-at="2024-02-19T21:49:46 IST" name="teardown" finished-at="2024-02-19T21:49:48 IST" duration-ms="2300" status="PASS">
          <reporter-output>
          </reporter-output>
        </test-method> <!-- teardown -->
      </class> <!-- TestCases.TC003_UpcomingBikePage -->
    </test> <!-- ChromeTest -->
  </suite> <!-- Suite -->
</testng-results>
